
*** Running vivado
    with args -log FIFO_wrapped_VIO_FIFO_wrapper_0_0.vds -m64 -product Vivado -mode batch -messageDb vivado.pb -notrace -source FIFO_wrapped_VIO_FIFO_wrapper_0_0.tcl


****** Vivado v2019.1 (64-bit)
  **** SW Build 2552052 on Fri May 24 14:49:42 MDT 2019
  **** IP Build 2548770 on Fri May 24 18:01:18 MDT 2019
    ** Copyright 1986-2019 Xilinx, Inc. All Rights Reserved.

source FIFO_wrapped_VIO_FIFO_wrapper_0_0.tcl -notrace
create_project: Time (s): cpu = 00:00:05 ; elapsed = 00:00:08 . Memory (MB): peak = 372.172 ; gain = 81.695
Command: synth_design -top FIFO_wrapped_VIO_FIFO_wrapper_0_0 -part xc7a35ticsg324-1L -mode out_of_context
Starting synth_design
WARNING: [IP_Flow 19-3571] IP 'FIFO_wrapped_VIO_FIFO_wrapper_0_0' is restricted:
* Module reference is stale and needs refreshing.
Attempting to get a license for feature 'Synthesis' and/or device 'xc7a35ti'
INFO: [Common 17-349] Got license for feature 'Synthesis' and/or device 'xc7a35ti'
INFO: Launching helper process for spawning children vivado processes
INFO: Helper process launched with PID 6172 
WARNING: [Synth 8-2306] macro BIT_DEPTH redefined [D:/Games/Verilog/11_sem/FIFO_Arty7/src/enable_signals_organiser.v:21]
WARNING: [Synth 8-2306] macro BIT_DEPTH redefined [D:/Games/Verilog/11_sem/FIFO_Arty7/src/MyFIFO.v:22]
WARNING: [Synth 8-2490] overwriting previous definition of module MyFIFO [D:/Games/Verilog/11_sem/FIFO_Arty7/src/MyFIFO.v:25]
WARNING: [Synth 8-2306] macro BIT_DEPTH redefined [D:/Games/Verilog/11_sem/FIFO_Arty7/src/enable_signals_organiser.v:21]
WARNING: [Synth 8-2490] overwriting previous definition of module enable_signals_organiser [D:/Games/Verilog/11_sem/FIFO_Arty7/src/enable_signals_organiser.v:23]
---------------------------------------------------------------------------------
Starting Synthesize : Time (s): cpu = 00:00:09 ; elapsed = 00:00:09 . Memory (MB): peak = 594.344 ; gain = 190.344
---------------------------------------------------------------------------------
INFO: [Synth 8-6157] synthesizing module 'FIFO_wrapped_VIO_FIFO_wrapper_0_0' [d:/Games/Verilog/11_sem/FIFO_Arty7/block_designs/FIFO_wrapped_VIO/ip/FIFO_wrapped_VIO_FIFO_wrapper_0_0/synth/FIFO_wrapped_VIO_FIFO_wrapper_0_0.v:58]
INFO: [Synth 8-6157] synthesizing module 'FIFO_wrapper' [D:/Games/Verilog/11_sem/FIFO_Arty7/src/FIFO_wrapper.v:24]
INFO: [Synth 8-6157] synthesizing module 'enable_signals_organiser' [D:/Games/Verilog/11_sem/FIFO_Arty7/src/enable_signals_organiser.v:23]
INFO: [Synth 8-6155] done synthesizing module 'enable_signals_organiser' (1#1) [D:/Games/Verilog/11_sem/FIFO_Arty7/src/enable_signals_organiser.v:23]
INFO: [Synth 8-6157] synthesizing module 'MyFIFO' [D:/Games/Verilog/11_sem/FIFO_Arty7/src/MyFIFO.v:25]
INFO: [Synth 8-6155] done synthesizing module 'MyFIFO' (2#1) [D:/Games/Verilog/11_sem/FIFO_Arty7/src/MyFIFO.v:25]
INFO: [Synth 8-6155] done synthesizing module 'FIFO_wrapper' (3#1) [D:/Games/Verilog/11_sem/FIFO_Arty7/src/FIFO_wrapper.v:24]
INFO: [Synth 8-6155] done synthesizing module 'FIFO_wrapped_VIO_FIFO_wrapper_0_0' (4#1) [d:/Games/Verilog/11_sem/FIFO_Arty7/block_designs/FIFO_wrapped_VIO/ip/FIFO_wrapped_VIO_FIFO_wrapper_0_0/synth/FIFO_wrapped_VIO_FIFO_wrapper_0_0.v:58]
---------------------------------------------------------------------------------
Finished Synthesize : Time (s): cpu = 00:00:11 ; elapsed = 00:00:12 . Memory (MB): peak = 633.820 ; gain = 229.820
---------------------------------------------------------------------------------
---------------------------------------------------------------------------------
Finished Constraint Validation : Time (s): cpu = 00:00:11 ; elapsed = 00:00:12 . Memory (MB): peak = 633.820 ; gain = 229.820
---------------------------------------------------------------------------------
---------------------------------------------------------------------------------
Start Loading Part and Timing Information
---------------------------------------------------------------------------------
Loading part: xc7a35ticsg324-1L
---------------------------------------------------------------------------------
Finished Loading Part and Timing Information : Time (s): cpu = 00:00:11 ; elapsed = 00:00:12 . Memory (MB): peak = 633.820 ; gain = 229.820
---------------------------------------------------------------------------------
INFO: [Device 21-403] Loading part xc7a35ticsg324-1L
---------------------------------------------------------------------------------
Finished RTL Optimization Phase 2 : Time (s): cpu = 00:00:12 ; elapsed = 00:00:13 . Memory (MB): peak = 633.820 ; gain = 229.820
---------------------------------------------------------------------------------

Report RTL Partitions: 
+-+--------------+------------+----------+
| |RTL Partition |Replication |Instances |
+-+--------------+------------+----------+
+-+--------------+------------+----------+
No constraint files found.
---------------------------------------------------------------------------------
Start RTL Component Statistics 
---------------------------------------------------------------------------------
Detailed RTL Component Info : 
+---Adders : 
	   2 Input      3 Bit       Adders := 2     
+---Registers : 
	               32 Bit    Registers := 3     
	                3 Bit    Registers := 1     
	                1 Bit    Registers := 4     
+---Muxes : 
	   2 Input     32 Bit        Muxes := 3     
	   2 Input      3 Bit        Muxes := 5     
	   2 Input      1 Bit        Muxes := 32    
---------------------------------------------------------------------------------
Finished RTL Component Statistics 
---------------------------------------------------------------------------------
---------------------------------------------------------------------------------
Start RTL Hierarchical Component Statistics 
---------------------------------------------------------------------------------
Hierarchical RTL Component report 
Module enable_signals_organiser 
Detailed RTL Component Info : 
+---Registers : 
	               32 Bit    Registers := 1     
	                1 Bit    Registers := 4     
+---Muxes : 
	   2 Input     32 Bit        Muxes := 1     
	   2 Input      1 Bit        Muxes := 5     
Module MyFIFO 
Detailed RTL Component Info : 
+---Adders : 
	   2 Input      3 Bit       Adders := 2     
+---Registers : 
	               32 Bit    Registers := 2     
	                3 Bit    Registers := 1     
+---Muxes : 
	   2 Input     32 Bit        Muxes := 2     
	   2 Input      3 Bit        Muxes := 5     
	   2 Input      1 Bit        Muxes := 27    
---------------------------------------------------------------------------------
Finished RTL Hierarchical Component Statistics
---------------------------------------------------------------------------------
---------------------------------------------------------------------------------
Start Part Resource Summary
---------------------------------------------------------------------------------
Part Resources:
DSPs: 90 (col length:60)
BRAMs: 100 (col length: RAMB18 60 RAMB36 30)
---------------------------------------------------------------------------------
Finished Part Resource Summary
---------------------------------------------------------------------------------
No constraint files found.
---------------------------------------------------------------------------------
Start Cross Boundary and Area Optimization
---------------------------------------------------------------------------------
Warning: Parallel synthesis criteria is not met 
---------------------------------------------------------------------------------
Finished Cross Boundary and Area Optimization : Time (s): cpu = 00:00:21 ; elapsed = 00:00:22 . Memory (MB): peak = 794.527 ; gain = 390.527
---------------------------------------------------------------------------------

Report RTL Partitions: 
+-+--------------+------------+----------+
| |RTL Partition |Replication |Instances |
+-+--------------+------------+----------+
+-+--------------+------------+----------+
No constraint files found.
---------------------------------------------------------------------------------
Start Timing Optimization
---------------------------------------------------------------------------------
---------------------------------------------------------------------------------
Finished Timing Optimization : Time (s): cpu = 00:00:21 ; elapsed = 00:00:22 . Memory (MB): peak = 795.488 ; gain = 391.488
---------------------------------------------------------------------------------

Report RTL Partitions: 
+-+--------------+------------+----------+
| |RTL Partition |Replication |Instances |
+-+--------------+------------+----------+
+-+--------------+------------+----------+
---------------------------------------------------------------------------------
Start Technology Mapping
---------------------------------------------------------------------------------
---------------------------------------------------------------------------------
Finished Technology Mapping : Time (s): cpu = 00:00:21 ; elapsed = 00:00:22 . Memory (MB): peak = 795.660 ; gain = 391.660
---------------------------------------------------------------------------------

Report RTL Partitions: 
+-+--------------+------------+----------+
| |RTL Partition |Replication |Instances |
+-+--------------+------------+----------+
+-+--------------+------------+----------+
---------------------------------------------------------------------------------
Start IO Insertion
---------------------------------------------------------------------------------
---------------------------------------------------------------------------------
Start Flattening Before IO Insertion
---------------------------------------------------------------------------------
---------------------------------------------------------------------------------
Finished Flattening Before IO Insertion
---------------------------------------------------------------------------------
---------------------------------------------------------------------------------
Start Final Netlist Cleanup
---------------------------------------------------------------------------------
---------------------------------------------------------------------------------
Finished Final Netlist Cleanup
---------------------------------------------------------------------------------
---------------------------------------------------------------------------------
Finished IO Insertion : Time (s): cpu = 00:00:27 ; elapsed = 00:00:28 . Memory (MB): peak = 795.660 ; gain = 391.660
---------------------------------------------------------------------------------
CRITICAL WARNING: [Synth 8-6859] multi-driven net on pin inst/fifo/FIFO_array[0]__0[31] with 1st driver pin 'inst/fifo/genblk1[0].FIFO_array_reg[0][31]/Q' [D:/Games/Verilog/11_sem/FIFO_Arty7/src/MyFIFO.v:43]
CRITICAL WARNING: [Synth 8-6859] multi-driven net on pin inst/fifo/FIFO_array[0]__0[31] with 2nd driver pin 'inst/fifo/FIFO_array_reg[0][31]/Q' [D:/Games/Verilog/11_sem/FIFO_Arty7/src/MyFIFO.v:63]
CRITICAL WARNING: [Synth 8-6859] multi-driven net on pin inst/fifo/FIFO_array[0]__0[30] with 1st driver pin 'inst/fifo/genblk1[0].FIFO_array_reg[0][30]/Q' [D:/Games/Verilog/11_sem/FIFO_Arty7/src/MyFIFO.v:43]
CRITICAL WARNING: [Synth 8-6859] multi-driven net on pin inst/fifo/FIFO_array[0]__0[30] with 2nd driver pin 'inst/fifo/FIFO_array_reg[0][30]/Q' [D:/Games/Verilog/11_sem/FIFO_Arty7/src/MyFIFO.v:63]
CRITICAL WARNING: [Synth 8-6859] multi-driven net on pin inst/fifo/FIFO_array[0]__0[29] with 1st driver pin 'inst/fifo/genblk1[0].FIFO_array_reg[0][29]/Q' [D:/Games/Verilog/11_sem/FIFO_Arty7/src/MyFIFO.v:43]
CRITICAL WARNING: [Synth 8-6859] multi-driven net on pin inst/fifo/FIFO_array[0]__0[29] with 2nd driver pin 'inst/fifo/FIFO_array_reg[0][29]/Q' [D:/Games/Verilog/11_sem/FIFO_Arty7/src/MyFIFO.v:63]
CRITICAL WARNING: [Synth 8-6859] multi-driven net on pin inst/fifo/FIFO_array[0]__0[28] with 1st driver pin 'inst/fifo/genblk1[0].FIFO_array_reg[0][28]/Q' [D:/Games/Verilog/11_sem/FIFO_Arty7/src/MyFIFO.v:43]
CRITICAL WARNING: [Synth 8-6859] multi-driven net on pin inst/fifo/FIFO_array[0]__0[28] with 2nd driver pin 'inst/fifo/FIFO_array_reg[0][28]/Q' [D:/Games/Verilog/11_sem/FIFO_Arty7/src/MyFIFO.v:63]
CRITICAL WARNING: [Synth 8-6859] multi-driven net on pin inst/fifo/FIFO_array[0]__0[27] with 1st driver pin 'inst/fifo/genblk1[0].FIFO_array_reg[0][27]/Q' [D:/Games/Verilog/11_sem/FIFO_Arty7/src/MyFIFO.v:43]
CRITICAL WARNING: [Synth 8-6859] multi-driven net on pin inst/fifo/FIFO_array[0]__0[27] with 2nd driver pin 'inst/fifo/FIFO_array_reg[0][27]/Q' [D:/Games/Verilog/11_sem/FIFO_Arty7/src/MyFIFO.v:63]
CRITICAL WARNING: [Synth 8-6859] multi-driven net on pin inst/fifo/FIFO_array[0]__0[26] with 1st driver pin 'inst/fifo/genblk1[0].FIFO_array_reg[0][26]/Q' [D:/Games/Verilog/11_sem/FIFO_Arty7/src/MyFIFO.v:43]
CRITICAL WARNING: [Synth 8-6859] multi-driven net on pin inst/fifo/FIFO_array[0]__0[26] with 2nd driver pin 'inst/fifo/FIFO_array_reg[0][26]/Q' [D:/Games/Verilog/11_sem/FIFO_Arty7/src/MyFIFO.v:63]
CRITICAL WARNING: [Synth 8-6859] multi-driven net on pin inst/fifo/FIFO_array[0]__0[25] with 1st driver pin 'inst/fifo/genblk1[0].FIFO_array_reg[0][25]/Q' [D:/Games/Verilog/11_sem/FIFO_Arty7/src/MyFIFO.v:43]
CRITICAL WARNING: [Synth 8-6859] multi-driven net on pin inst/fifo/FIFO_array[0]__0[25] with 2nd driver pin 'inst/fifo/FIFO_array_reg[0][25]/Q' [D:/Games/Verilog/11_sem/FIFO_Arty7/src/MyFIFO.v:63]
CRITICAL WARNING: [Synth 8-6859] multi-driven net on pin inst/fifo/FIFO_array[0]__0[24] with 1st driver pin 'inst/fifo/genblk1[0].FIFO_array_reg[0][24]/Q' [D:/Games/Verilog/11_sem/FIFO_Arty7/src/MyFIFO.v:43]
CRITICAL WARNING: [Synth 8-6859] multi-driven net on pin inst/fifo/FIFO_array[0]__0[24] with 2nd driver pin 'inst/fifo/FIFO_array_reg[0][24]/Q' [D:/Games/Verilog/11_sem/FIFO_Arty7/src/MyFIFO.v:63]
CRITICAL WARNING: [Synth 8-6859] multi-driven net on pin inst/fifo/FIFO_array[0]__0[23] with 1st driver pin 'inst/fifo/genblk1[0].FIFO_array_reg[0][23]/Q' [D:/Games/Verilog/11_sem/FIFO_Arty7/src/MyFIFO.v:43]
CRITICAL WARNING: [Synth 8-6859] multi-driven net on pin inst/fifo/FIFO_array[0]__0[23] with 2nd driver pin 'inst/fifo/FIFO_array_reg[0][23]/Q' [D:/Games/Verilog/11_sem/FIFO_Arty7/src/MyFIFO.v:63]
CRITICAL WARNING: [Synth 8-6859] multi-driven net on pin inst/fifo/FIFO_array[0]__0[22] with 1st driver pin 'inst/fifo/genblk1[0].FIFO_array_reg[0][22]/Q' [D:/Games/Verilog/11_sem/FIFO_Arty7/src/MyFIFO.v:43]
CRITICAL WARNING: [Synth 8-6859] multi-driven net on pin inst/fifo/FIFO_array[0]__0[22] with 2nd driver pin 'inst/fifo/FIFO_array_reg[0][22]/Q' [D:/Games/Verilog/11_sem/FIFO_Arty7/src/MyFIFO.v:63]
CRITICAL WARNING: [Synth 8-6859] multi-driven net on pin inst/fifo/FIFO_array[0]__0[21] with 1st driver pin 'inst/fifo/genblk1[0].FIFO_array_reg[0][21]/Q' [D:/Games/Verilog/11_sem/FIFO_Arty7/src/MyFIFO.v:43]
CRITICAL WARNING: [Synth 8-6859] multi-driven net on pin inst/fifo/FIFO_array[0]__0[21] with 2nd driver pin 'inst/fifo/FIFO_array_reg[0][21]/Q' [D:/Games/Verilog/11_sem/FIFO_Arty7/src/MyFIFO.v:63]
CRITICAL WARNING: [Synth 8-6859] multi-driven net on pin inst/fifo/FIFO_array[0]__0[20] with 1st driver pin 'inst/fifo/genblk1[0].FIFO_array_reg[0][20]/Q' [D:/Games/Verilog/11_sem/FIFO_Arty7/src/MyFIFO.v:43]
CRITICAL WARNING: [Synth 8-6859] multi-driven net on pin inst/fifo/FIFO_array[0]__0[20] with 2nd driver pin 'inst/fifo/FIFO_array_reg[0][20]/Q' [D:/Games/Verilog/11_sem/FIFO_Arty7/src/MyFIFO.v:63]
CRITICAL WARNING: [Synth 8-6859] multi-driven net on pin inst/fifo/FIFO_array[0]__0[19] with 1st driver pin 'inst/fifo/genblk1[0].FIFO_array_reg[0][19]/Q' [D:/Games/Verilog/11_sem/FIFO_Arty7/src/MyFIFO.v:43]
CRITICAL WARNING: [Synth 8-6859] multi-driven net on pin inst/fifo/FIFO_array[0]__0[19] with 2nd driver pin 'inst/fifo/FIFO_array_reg[0][19]/Q' [D:/Games/Verilog/11_sem/FIFO_Arty7/src/MyFIFO.v:63]
CRITICAL WARNING: [Synth 8-6859] multi-driven net on pin inst/fifo/FIFO_array[0]__0[18] with 1st driver pin 'inst/fifo/genblk1[0].FIFO_array_reg[0][18]/Q' [D:/Games/Verilog/11_sem/FIFO_Arty7/src/MyFIFO.v:43]
CRITICAL WARNING: [Synth 8-6859] multi-driven net on pin inst/fifo/FIFO_array[0]__0[18] with 2nd driver pin 'inst/fifo/FIFO_array_reg[0][18]/Q' [D:/Games/Verilog/11_sem/FIFO_Arty7/src/MyFIFO.v:63]
CRITICAL WARNING: [Synth 8-6859] multi-driven net on pin inst/fifo/FIFO_array[0]__0[17] with 1st driver pin 'inst/fifo/genblk1[0].FIFO_array_reg[0][17]/Q' [D:/Games/Verilog/11_sem/FIFO_Arty7/src/MyFIFO.v:43]
CRITICAL WARNING: [Synth 8-6859] multi-driven net on pin inst/fifo/FIFO_array[0]__0[17] with 2nd driver pin 'inst/fifo/FIFO_array_reg[0][17]/Q' [D:/Games/Verilog/11_sem/FIFO_Arty7/src/MyFIFO.v:63]
CRITICAL WARNING: [Synth 8-6859] multi-driven net on pin inst/fifo/FIFO_array[0]__0[16] with 1st driver pin 'inst/fifo/genblk1[0].FIFO_array_reg[0][16]/Q' [D:/Games/Verilog/11_sem/FIFO_Arty7/src/MyFIFO.v:43]
CRITICAL WARNING: [Synth 8-6859] multi-driven net on pin inst/fifo/FIFO_array[0]__0[16] with 2nd driver pin 'inst/fifo/FIFO_array_reg[0][16]/Q' [D:/Games/Verilog/11_sem/FIFO_Arty7/src/MyFIFO.v:63]
CRITICAL WARNING: [Synth 8-6859] multi-driven net on pin inst/fifo/FIFO_array[0]__0[15] with 1st driver pin 'inst/fifo/genblk1[0].FIFO_array_reg[0][15]/Q' [D:/Games/Verilog/11_sem/FIFO_Arty7/src/MyFIFO.v:43]
CRITICAL WARNING: [Synth 8-6859] multi-driven net on pin inst/fifo/FIFO_array[0]__0[15] with 2nd driver pin 'inst/fifo/FIFO_array_reg[0][15]/Q' [D:/Games/Verilog/11_sem/FIFO_Arty7/src/MyFIFO.v:63]
CRITICAL WARNING: [Synth 8-6859] multi-driven net on pin inst/fifo/FIFO_array[0]__0[14] with 1st driver pin 'inst/fifo/genblk1[0].FIFO_array_reg[0][14]/Q' [D:/Games/Verilog/11_sem/FIFO_Arty7/src/MyFIFO.v:43]
CRITICAL WARNING: [Synth 8-6859] multi-driven net on pin inst/fifo/FIFO_array[0]__0[14] with 2nd driver pin 'inst/fifo/FIFO_array_reg[0][14]/Q' [D:/Games/Verilog/11_sem/FIFO_Arty7/src/MyFIFO.v:63]
CRITICAL WARNING: [Synth 8-6859] multi-driven net on pin inst/fifo/FIFO_array[0]__0[13] with 1st driver pin 'inst/fifo/genblk1[0].FIFO_array_reg[0][13]/Q' [D:/Games/Verilog/11_sem/FIFO_Arty7/src/MyFIFO.v:43]
CRITICAL WARNING: [Synth 8-6859] multi-driven net on pin inst/fifo/FIFO_array[0]__0[13] with 2nd driver pin 'inst/fifo/FIFO_array_reg[0][13]/Q' [D:/Games/Verilog/11_sem/FIFO_Arty7/src/MyFIFO.v:63]
CRITICAL WARNING: [Synth 8-6859] multi-driven net on pin inst/fifo/FIFO_array[0]__0[12] with 1st driver pin 'inst/fifo/genblk1[0].FIFO_array_reg[0][12]/Q' [D:/Games/Verilog/11_sem/FIFO_Arty7/src/MyFIFO.v:43]
CRITICAL WARNING: [Synth 8-6859] multi-driven net on pin inst/fifo/FIFO_array[0]__0[12] with 2nd driver pin 'inst/fifo/FIFO_array_reg[0][12]/Q' [D:/Games/Verilog/11_sem/FIFO_Arty7/src/MyFIFO.v:63]
CRITICAL WARNING: [Synth 8-6859] multi-driven net on pin inst/fifo/FIFO_array[0]__0[11] with 1st driver pin 'inst/fifo/genblk1[0].FIFO_array_reg[0][11]/Q' [D:/Games/Verilog/11_sem/FIFO_Arty7/src/MyFIFO.v:43]
CRITICAL WARNING: [Synth 8-6859] multi-driven net on pin inst/fifo/FIFO_array[0]__0[11] with 2nd driver pin 'inst/fifo/FIFO_array_reg[0][11]/Q' [D:/Games/Verilog/11_sem/FIFO_Arty7/src/MyFIFO.v:63]
CRITICAL WARNING: [Synth 8-6859] multi-driven net on pin inst/fifo/FIFO_array[0]__0[10] with 1st driver pin 'inst/fifo/genblk1[0].FIFO_array_reg[0][10]/Q' [D:/Games/Verilog/11_sem/FIFO_Arty7/src/MyFIFO.v:43]
CRITICAL WARNING: [Synth 8-6859] multi-driven net on pin inst/fifo/FIFO_array[0]__0[10] with 2nd driver pin 'inst/fifo/FIFO_array_reg[0][10]/Q' [D:/Games/Verilog/11_sem/FIFO_Arty7/src/MyFIFO.v:63]
CRITICAL WARNING: [Synth 8-6859] multi-driven net on pin inst/fifo/FIFO_array[0]__0[9] with 1st driver pin 'inst/fifo/genblk1[0].FIFO_array_reg[0][9]/Q' [D:/Games/Verilog/11_sem/FIFO_Arty7/src/MyFIFO.v:43]
CRITICAL WARNING: [Synth 8-6859] multi-driven net on pin inst/fifo/FIFO_array[0]__0[9] with 2nd driver pin 'inst/fifo/FIFO_array_reg[0][9]/Q' [D:/Games/Verilog/11_sem/FIFO_Arty7/src/MyFIFO.v:63]
CRITICAL WARNING: [Synth 8-6859] multi-driven net on pin inst/fifo/FIFO_array[0]__0[8] with 1st driver pin 'inst/fifo/genblk1[0].FIFO_array_reg[0][8]/Q' [D:/Games/Verilog/11_sem/FIFO_Arty7/src/MyFIFO.v:43]
CRITICAL WARNING: [Synth 8-6859] multi-driven net on pin inst/fifo/FIFO_array[0]__0[8] with 2nd driver pin 'inst/fifo/FIFO_array_reg[0][8]/Q' [D:/Games/Verilog/11_sem/FIFO_Arty7/src/MyFIFO.v:63]
CRITICAL WARNING: [Synth 8-6859] multi-driven net on pin inst/fifo/FIFO_array[0]__0[7] with 1st driver pin 'inst/fifo/genblk1[0].FIFO_array_reg[0][7]/Q' [D:/Games/Verilog/11_sem/FIFO_Arty7/src/MyFIFO.v:43]
CRITICAL WARNING: [Synth 8-6859] multi-driven net on pin inst/fifo/FIFO_array[0]__0[7] with 2nd driver pin 'inst/fifo/FIFO_array_reg[0][7]/Q' [D:/Games/Verilog/11_sem/FIFO_Arty7/src/MyFIFO.v:63]
CRITICAL WARNING: [Synth 8-6859] multi-driven net on pin inst/fifo/FIFO_array[0]__0[6] with 1st driver pin 'inst/fifo/genblk1[0].FIFO_array_reg[0][6]/Q' [D:/Games/Verilog/11_sem/FIFO_Arty7/src/MyFIFO.v:43]
CRITICAL WARNING: [Synth 8-6859] multi-driven net on pin inst/fifo/FIFO_array[0]__0[6] with 2nd driver pin 'inst/fifo/FIFO_array_reg[0][6]/Q' [D:/Games/Verilog/11_sem/FIFO_Arty7/src/MyFIFO.v:63]
CRITICAL WARNING: [Synth 8-6859] multi-driven net on pin inst/fifo/FIFO_array[0]__0[5] with 1st driver pin 'inst/fifo/genblk1[0].FIFO_array_reg[0][5]/Q' [D:/Games/Verilog/11_sem/FIFO_Arty7/src/MyFIFO.v:43]
CRITICAL WARNING: [Synth 8-6859] multi-driven net on pin inst/fifo/FIFO_array[0]__0[5] with 2nd driver pin 'inst/fifo/FIFO_array_reg[0][5]/Q' [D:/Games/Verilog/11_sem/FIFO_Arty7/src/MyFIFO.v:63]
CRITICAL WARNING: [Synth 8-6859] multi-driven net on pin inst/fifo/FIFO_array[0]__0[4] with 1st driver pin 'inst/fifo/genblk1[0].FIFO_array_reg[0][4]/Q' [D:/Games/Verilog/11_sem/FIFO_Arty7/src/MyFIFO.v:43]
CRITICAL WARNING: [Synth 8-6859] multi-driven net on pin inst/fifo/FIFO_array[0]__0[4] with 2nd driver pin 'inst/fifo/FIFO_array_reg[0][4]/Q' [D:/Games/Verilog/11_sem/FIFO_Arty7/src/MyFIFO.v:63]
CRITICAL WARNING: [Synth 8-6859] multi-driven net on pin inst/fifo/FIFO_array[0]__0[3] with 1st driver pin 'inst/fifo/genblk1[0].FIFO_array_reg[0][3]/Q' [D:/Games/Verilog/11_sem/FIFO_Arty7/src/MyFIFO.v:43]
CRITICAL WARNING: [Synth 8-6859] multi-driven net on pin inst/fifo/FIFO_array[0]__0[3] with 2nd driver pin 'inst/fifo/FIFO_array_reg[0][3]/Q' [D:/Games/Verilog/11_sem/FIFO_Arty7/src/MyFIFO.v:63]
CRITICAL WARNING: [Synth 8-6859] multi-driven net on pin inst/fifo/FIFO_array[0]__0[2] with 1st driver pin 'inst/fifo/genblk1[0].FIFO_array_reg[0][2]/Q' [D:/Games/Verilog/11_sem/FIFO_Arty7/src/MyFIFO.v:43]
CRITICAL WARNING: [Synth 8-6859] multi-driven net on pin inst/fifo/FIFO_array[0]__0[2] with 2nd driver pin 'inst/fifo/FIFO_array_reg[0][2]/Q' [D:/Games/Verilog/11_sem/FIFO_Arty7/src/MyFIFO.v:63]
CRITICAL WARNING: [Synth 8-6859] multi-driven net on pin inst/fifo/FIFO_array[0]__0[1] with 1st driver pin 'inst/fifo/genblk1[0].FIFO_array_reg[0][1]/Q' [D:/Games/Verilog/11_sem/FIFO_Arty7/src/MyFIFO.v:43]
CRITICAL WARNING: [Synth 8-6859] multi-driven net on pin inst/fifo/FIFO_array[0]__0[1] with 2nd driver pin 'inst/fifo/FIFO_array_reg[0][1]/Q' [D:/Games/Verilog/11_sem/FIFO_Arty7/src/MyFIFO.v:63]
CRITICAL WARNING: [Synth 8-6859] multi-driven net on pin inst/fifo/FIFO_array[0]__0[0] with 1st driver pin 'inst/fifo/genblk1[0].FIFO_array_reg[0][0]/Q' [D:/Games/Verilog/11_sem/FIFO_Arty7/src/MyFIFO.v:43]
CRITICAL WARNING: [Synth 8-6859] multi-driven net on pin inst/fifo/FIFO_array[0]__0[0] with 2nd driver pin 'inst/fifo/FIFO_array_reg[0][0]/Q' [D:/Games/Verilog/11_sem/FIFO_Arty7/src/MyFIFO.v:63]
CRITICAL WARNING: [Synth 8-6859] multi-driven net on pin inst/fifo/FIFO_array[1]__0[31] with 1st driver pin 'inst/fifo/genblk1[1].FIFO_array_reg[1][31]/Q' [D:/Games/Verilog/11_sem/FIFO_Arty7/src/MyFIFO.v:43]
CRITICAL WARNING: [Synth 8-6859] multi-driven net on pin inst/fifo/FIFO_array[1]__0[31] with 2nd driver pin 'inst/fifo/FIFO_array_reg[1][31]/Q' [D:/Games/Verilog/11_sem/FIFO_Arty7/src/MyFIFO.v:63]
CRITICAL WARNING: [Synth 8-6859] multi-driven net on pin inst/fifo/FIFO_array[1]__0[30] with 1st driver pin 'inst/fifo/genblk1[1].FIFO_array_reg[1][30]/Q' [D:/Games/Verilog/11_sem/FIFO_Arty7/src/MyFIFO.v:43]
CRITICAL WARNING: [Synth 8-6859] multi-driven net on pin inst/fifo/FIFO_array[1]__0[30] with 2nd driver pin 'inst/fifo/FIFO_array_reg[1][30]/Q' [D:/Games/Verilog/11_sem/FIFO_Arty7/src/MyFIFO.v:63]
CRITICAL WARNING: [Synth 8-6859] multi-driven net on pin inst/fifo/FIFO_array[1]__0[29] with 1st driver pin 'inst/fifo/genblk1[1].FIFO_array_reg[1][29]/Q' [D:/Games/Verilog/11_sem/FIFO_Arty7/src/MyFIFO.v:43]
CRITICAL WARNING: [Synth 8-6859] multi-driven net on pin inst/fifo/FIFO_array[1]__0[29] with 2nd driver pin 'inst/fifo/FIFO_array_reg[1][29]/Q' [D:/Games/Verilog/11_sem/FIFO_Arty7/src/MyFIFO.v:63]
CRITICAL WARNING: [Synth 8-6859] multi-driven net on pin inst/fifo/FIFO_array[1]__0[28] with 1st driver pin 'inst/fifo/genblk1[1].FIFO_array_reg[1][28]/Q' [D:/Games/Verilog/11_sem/FIFO_Arty7/src/MyFIFO.v:43]
CRITICAL WARNING: [Synth 8-6859] multi-driven net on pin inst/fifo/FIFO_array[1]__0[28] with 2nd driver pin 'inst/fifo/FIFO_array_reg[1][28]/Q' [D:/Games/Verilog/11_sem/FIFO_Arty7/src/MyFIFO.v:63]
CRITICAL WARNING: [Synth 8-6859] multi-driven net on pin inst/fifo/FIFO_array[1]__0[27] with 1st driver pin 'inst/fifo/genblk1[1].FIFO_array_reg[1][27]/Q' [D:/Games/Verilog/11_sem/FIFO_Arty7/src/MyFIFO.v:43]
CRITICAL WARNING: [Synth 8-6859] multi-driven net on pin inst/fifo/FIFO_array[1]__0[27] with 2nd driver pin 'inst/fifo/FIFO_array_reg[1][27]/Q' [D:/Games/Verilog/11_sem/FIFO_Arty7/src/MyFIFO.v:63]
CRITICAL WARNING: [Synth 8-6859] multi-driven net on pin inst/fifo/FIFO_array[1]__0[26] with 1st driver pin 'inst/fifo/genblk1[1].FIFO_array_reg[1][26]/Q' [D:/Games/Verilog/11_sem/FIFO_Arty7/src/MyFIFO.v:43]
CRITICAL WARNING: [Synth 8-6859] multi-driven net on pin inst/fifo/FIFO_array[1]__0[26] with 2nd driver pin 'inst/fifo/FIFO_array_reg[1][26]/Q' [D:/Games/Verilog/11_sem/FIFO_Arty7/src/MyFIFO.v:63]
CRITICAL WARNING: [Synth 8-6859] multi-driven net on pin inst/fifo/FIFO_array[1]__0[25] with 1st driver pin 'inst/fifo/genblk1[1].FIFO_array_reg[1][25]/Q' [D:/Games/Verilog/11_sem/FIFO_Arty7/src/MyFIFO.v:43]
CRITICAL WARNING: [Synth 8-6859] multi-driven net on pin inst/fifo/FIFO_array[1]__0[25] with 2nd driver pin 'inst/fifo/FIFO_array_reg[1][25]/Q' [D:/Games/Verilog/11_sem/FIFO_Arty7/src/MyFIFO.v:63]
CRITICAL WARNING: [Synth 8-6859] multi-driven net on pin inst/fifo/FIFO_array[1]__0[24] with 1st driver pin 'inst/fifo/genblk1[1].FIFO_array_reg[1][24]/Q' [D:/Games/Verilog/11_sem/FIFO_Arty7/src/MyFIFO.v:43]
CRITICAL WARNING: [Synth 8-6859] multi-driven net on pin inst/fifo/FIFO_array[1]__0[24] with 2nd driver pin 'inst/fifo/FIFO_array_reg[1][24]/Q' [D:/Games/Verilog/11_sem/FIFO_Arty7/src/MyFIFO.v:63]
CRITICAL WARNING: [Synth 8-6859] multi-driven net on pin inst/fifo/FIFO_array[1]__0[23] with 1st driver pin 'inst/fifo/genblk1[1].FIFO_array_reg[1][23]/Q' [D:/Games/Verilog/11_sem/FIFO_Arty7/src/MyFIFO.v:43]
CRITICAL WARNING: [Synth 8-6859] multi-driven net on pin inst/fifo/FIFO_array[1]__0[23] with 2nd driver pin 'inst/fifo/FIFO_array_reg[1][23]/Q' [D:/Games/Verilog/11_sem/FIFO_Arty7/src/MyFIFO.v:63]
CRITICAL WARNING: [Synth 8-6859] multi-driven net on pin inst/fifo/FIFO_array[1]__0[22] with 1st driver pin 'inst/fifo/genblk1[1].FIFO_array_reg[1][22]/Q' [D:/Games/Verilog/11_sem/FIFO_Arty7/src/MyFIFO.v:43]
CRITICAL WARNING: [Synth 8-6859] multi-driven net on pin inst/fifo/FIFO_array[1]__0[22] with 2nd driver pin 'inst/fifo/FIFO_array_reg[1][22]/Q' [D:/Games/Verilog/11_sem/FIFO_Arty7/src/MyFIFO.v:63]
CRITICAL WARNING: [Synth 8-6859] multi-driven net on pin inst/fifo/FIFO_array[1]__0[21] with 1st driver pin 'inst/fifo/genblk1[1].FIFO_array_reg[1][21]/Q' [D:/Games/Verilog/11_sem/FIFO_Arty7/src/MyFIFO.v:43]
CRITICAL WARNING: [Synth 8-6859] multi-driven net on pin inst/fifo/FIFO_array[1]__0[21] with 2nd driver pin 'inst/fifo/FIFO_array_reg[1][21]/Q' [D:/Games/Verilog/11_sem/FIFO_Arty7/src/MyFIFO.v:63]
CRITICAL WARNING: [Synth 8-6859] multi-driven net on pin inst/fifo/FIFO_array[1]__0[20] with 1st driver pin 'inst/fifo/genblk1[1].FIFO_array_reg[1][20]/Q' [D:/Games/Verilog/11_sem/FIFO_Arty7/src/MyFIFO.v:43]
CRITICAL WARNING: [Synth 8-6859] multi-driven net on pin inst/fifo/FIFO_array[1]__0[20] with 2nd driver pin 'inst/fifo/FIFO_array_reg[1][20]/Q' [D:/Games/Verilog/11_sem/FIFO_Arty7/src/MyFIFO.v:63]
CRITICAL WARNING: [Synth 8-6859] multi-driven net on pin inst/fifo/FIFO_array[1]__0[19] with 1st driver pin 'inst/fifo/genblk1[1].FIFO_array_reg[1][19]/Q' [D:/Games/Verilog/11_sem/FIFO_Arty7/src/MyFIFO.v:43]
CRITICAL WARNING: [Synth 8-6859] multi-driven net on pin inst/fifo/FIFO_array[1]__0[19] with 2nd driver pin 'inst/fifo/FIFO_array_reg[1][19]/Q' [D:/Games/Verilog/11_sem/FIFO_Arty7/src/MyFIFO.v:63]
CRITICAL WARNING: [Synth 8-6859] multi-driven net on pin inst/fifo/FIFO_array[1]__0[18] with 1st driver pin 'inst/fifo/genblk1[1].FIFO_array_reg[1][18]/Q' [D:/Games/Verilog/11_sem/FIFO_Arty7/src/MyFIFO.v:43]
CRITICAL WARNING: [Synth 8-6859] multi-driven net on pin inst/fifo/FIFO_array[1]__0[18] with 2nd driver pin 'inst/fifo/FIFO_array_reg[1][18]/Q' [D:/Games/Verilog/11_sem/FIFO_Arty7/src/MyFIFO.v:63]
CRITICAL WARNING: [Synth 8-6859] multi-driven net on pin inst/fifo/FIFO_array[1]__0[17] with 1st driver pin 'inst/fifo/genblk1[1].FIFO_array_reg[1][17]/Q' [D:/Games/Verilog/11_sem/FIFO_Arty7/src/MyFIFO.v:43]
CRITICAL WARNING: [Synth 8-6859] multi-driven net on pin inst/fifo/FIFO_array[1]__0[17] with 2nd driver pin 'inst/fifo/FIFO_array_reg[1][17]/Q' [D:/Games/Verilog/11_sem/FIFO_Arty7/src/MyFIFO.v:63]
CRITICAL WARNING: [Synth 8-6859] multi-driven net on pin inst/fifo/FIFO_array[1]__0[16] with 1st driver pin 'inst/fifo/genblk1[1].FIFO_array_reg[1][16]/Q' [D:/Games/Verilog/11_sem/FIFO_Arty7/src/MyFIFO.v:43]
CRITICAL WARNING: [Synth 8-6859] multi-driven net on pin inst/fifo/FIFO_array[1]__0[16] with 2nd driver pin 'inst/fifo/FIFO_array_reg[1][16]/Q' [D:/Games/Verilog/11_sem/FIFO_Arty7/src/MyFIFO.v:63]
CRITICAL WARNING: [Synth 8-6859] multi-driven net on pin inst/fifo/FIFO_array[1]__0[15] with 1st driver pin 'inst/fifo/genblk1[1].FIFO_array_reg[1][15]/Q' [D:/Games/Verilog/11_sem/FIFO_Arty7/src/MyFIFO.v:43]
CRITICAL WARNING: [Synth 8-6859] multi-driven net on pin inst/fifo/FIFO_array[1]__0[15] with 2nd driver pin 'inst/fifo/FIFO_array_reg[1][15]/Q' [D:/Games/Verilog/11_sem/FIFO_Arty7/src/MyFIFO.v:63]
CRITICAL WARNING: [Synth 8-6859] multi-driven net on pin inst/fifo/FIFO_array[1]__0[14] with 1st driver pin 'inst/fifo/genblk1[1].FIFO_array_reg[1][14]/Q' [D:/Games/Verilog/11_sem/FIFO_Arty7/src/MyFIFO.v:43]
CRITICAL WARNING: [Synth 8-6859] multi-driven net on pin inst/fifo/FIFO_array[1]__0[14] with 2nd driver pin 'inst/fifo/FIFO_array_reg[1][14]/Q' [D:/Games/Verilog/11_sem/FIFO_Arty7/src/MyFIFO.v:63]
INFO: [Common 17-14] Message 'Synth 8-6859' appears 100 times and further instances of the messages will be disabled. Use the Tcl command set_msg_config to change the current settings.

Report Check Netlist: 
+------+------------------+-------+---------+-------+------------------+
|      |Item              |Errors |Warnings |Status |Description       |
+------+------------------+-------+---------+-------+------------------+
|1     |multi_driven_nets |      0|      192|Failed |Multi driven nets |
+------+------------------+-------+---------+-------+------------------+
---------------------------------------------------------------------------------
Start Renaming Generated Instances
---------------------------------------------------------------------------------
---------------------------------------------------------------------------------
Finished Renaming Generated Instances : Time (s): cpu = 00:00:27 ; elapsed = 00:00:29 . Memory (MB): peak = 795.660 ; gain = 391.660
---------------------------------------------------------------------------------

Report RTL Partitions: 
+-+--------------+------------+----------+
| |RTL Partition |Replication |Instances |
+-+--------------+------------+----------+
+-+--------------+------------+----------+
---------------------------------------------------------------------------------
Start Rebuilding User Hierarchy
---------------------------------------------------------------------------------
---------------------------------------------------------------------------------
Finished Rebuilding User Hierarchy : Time (s): cpu = 00:00:28 ; elapsed = 00:00:29 . Memory (MB): peak = 795.660 ; gain = 391.660
---------------------------------------------------------------------------------
---------------------------------------------------------------------------------
Start Renaming Generated Ports
---------------------------------------------------------------------------------
---------------------------------------------------------------------------------
Finished Renaming Generated Ports : Time (s): cpu = 00:00:28 ; elapsed = 00:00:29 . Memory (MB): peak = 795.660 ; gain = 391.660
---------------------------------------------------------------------------------
---------------------------------------------------------------------------------
Start Handling Custom Attributes
---------------------------------------------------------------------------------
---------------------------------------------------------------------------------
Finished Handling Custom Attributes : Time (s): cpu = 00:00:28 ; elapsed = 00:00:29 . Memory (MB): peak = 795.660 ; gain = 391.660
---------------------------------------------------------------------------------
---------------------------------------------------------------------------------
Start Renaming Generated Nets
---------------------------------------------------------------------------------
---------------------------------------------------------------------------------
Finished Renaming Generated Nets : Time (s): cpu = 00:00:28 ; elapsed = 00:00:29 . Memory (MB): peak = 795.660 ; gain = 391.660
---------------------------------------------------------------------------------
---------------------------------------------------------------------------------
Start Writing Synthesis Report
---------------------------------------------------------------------------------

Report BlackBoxes: 
+-+--------------+----------+
| |BlackBox name |Instances |
+-+--------------+----------+
+-+--------------+----------+

Report Cell Usage: 
+------+-----+------+
|      |Cell |Count |
+------+-----+------+
|1     |LUT2 |    33|
|2     |LUT3 |    37|
|3     |LUT4 |     3|
|4     |LUT5 |     1|
|5     |LUT6 |     9|
|6     |FDCE |   103|
|7     |FDRE |   384|
+------+-----+------+

Report Instance Areas: 
+------+-----------------+-------------------------+------+
|      |Instance         |Module                   |Cells |
+------+-----------------+-------------------------+------+
|1     |top              |                         |   570|
|2     |  inst           |FIFO_wrapper             |   570|
|3     |    fifo         |MyFIFO                   |   498|
|4     |    synchronizer |enable_signals_organiser |    72|
+------+-----------------+-------------------------+------+
---------------------------------------------------------------------------------
Finished Writing Synthesis Report : Time (s): cpu = 00:00:28 ; elapsed = 00:00:29 . Memory (MB): peak = 795.660 ; gain = 391.660
---------------------------------------------------------------------------------
Synthesis finished with 0 errors, 384 critical warnings and 5 warnings.
Synthesis Optimization Runtime : Time (s): cpu = 00:00:28 ; elapsed = 00:00:29 . Memory (MB): peak = 795.660 ; gain = 391.660
Synthesis Optimization Complete : Time (s): cpu = 00:00:28 ; elapsed = 00:00:29 . Memory (MB): peak = 795.660 ; gain = 391.660
INFO: [Project 1-571] Translating synthesized netlist
INFO: [Project 1-570] Preparing netlist for logic optimization
INFO: [Opt 31-138] Pushed 0 inverter(s) to 0 load pin(s).
Netlist sorting complete. Time (s): cpu = 00:00:00 ; elapsed = 00:00:00.001 . Memory (MB): peak = 910.016 ; gain = 0.000
INFO: [Project 1-111] Unisim Transformation Summary:
No Unisim elements were transformed.

INFO: [Common 17-83] Releasing license: Synthesis
16 Infos, 6 Warnings, 100 Critical Warnings and 0 Errors encountered.
synth_design completed successfully
synth_design: Time (s): cpu = 00:00:36 ; elapsed = 00:00:42 . Memory (MB): peak = 910.016 ; gain = 513.973
Netlist sorting complete. Time (s): cpu = 00:00:00 ; elapsed = 00:00:00.001 . Memory (MB): peak = 910.016 ; gain = 0.000
WARNING: [Constraints 18-5210] No constraints selected for write.
Resolution: This message can indicate that there are no constraints for the design, or it can indicate that the used_in flags are set such that the constraints are ignored. This later case is used when running synth_design to not write synthesis constraints to the resulting checkpoint. Instead, project constraints are read when the synthesized design is opened.
INFO: [Timing 38-35] Done setting XDC timing constraints.
INFO: [Common 17-1381] The checkpoint 'D:/Games/Verilog/11_sem/FIFO_Arty7/My_FIFO.runs/FIFO_wrapped_VIO_FIFO_wrapper_0_0_synth_1/FIFO_wrapped_VIO_FIFO_wrapper_0_0.dcp' has been generated.
write_checkpoint: Time (s): cpu = 00:00:26 ; elapsed = 00:00:27 . Memory (MB): peak = 1360.996 ; gain = 450.980
WARNING: [Common 17-576] 'use_project_ipc' is deprecated. This option is deprecated and no longer used.
INFO: [Coretcl 2-1174] Renamed 3 cell refs.
Netlist sorting complete. Time (s): cpu = 00:00:00 ; elapsed = 00:00:00.001 . Memory (MB): peak = 1362.191 ; gain = 0.000
WARNING: [Constraints 18-5210] No constraints selected for write.
Resolution: This message can indicate that there are no constraints for the design, or it can indicate that the used_in flags are set such that the constraints are ignored. This later case is used when running synth_design to not write synthesis constraints to the resulting checkpoint. Instead, project constraints are read when the synthesized design is opened.
INFO: [Common 17-1381] The checkpoint 'D:/Games/Verilog/11_sem/FIFO_Arty7/My_FIFO.runs/FIFO_wrapped_VIO_FIFO_wrapper_0_0_synth_1/FIFO_wrapped_VIO_FIFO_wrapper_0_0.dcp' has been generated.
INFO: [runtcl-4] Executing : report_utilization -file FIFO_wrapped_VIO_FIFO_wrapper_0_0_utilization_synth.rpt -pb FIFO_wrapped_VIO_FIFO_wrapper_0_0_utilization_synth.pb
INFO: [Common 17-206] Exiting Vivado at Thu Nov 23 20:54:42 2023...
